<?xml version="1.0" encoding="UTF-8"?>
<testsuite xmlns:xsi="http://www.w3.org/2001/XMLSchema-instance" xsi:noNamespaceSchemaLocation="https://maven.apache.org/surefire/maven-surefire-plugin/xsd/surefire-test-report-3.0.xsd" version="3.0" name="com.eulerity.hackathon.imagefinder.ImageFinderTest" time="0.225" tests="1" errors="0" skipped="0" failures="0">
  <properties>
    <property name="sun.desktop" value="windows"/>
    <property name="awt.toolkit" value="sun.awt.windows.WToolkit"/>
    <property name="file.encoding.pkg" value="sun.io"/>
    <property name="java.specification.version" value="1.8"/>
    <property name="sun.cpu.isalist" value="amd64"/>
    <property name="sun.jnu.encoding" value="Cp1252"/>
    <property name="java.class.path" value="C:\Users\Arnav Lakkavajjala\Desktop\imagefinder\target\test-classes;C:\Users\Arnav Lakkavajjala\Desktop\imagefinder\target\imagefinder-0.1.0-SNAPSHOT\WEB-INF\classes;C:\Users\Arnav Lakkavajjala\.m2\repository\net\sourceforge\htmlunit\htmlunit\2.52.0\htmlunit-2.52.0.jar;C:\Users\Arnav Lakkavajjala\.m2\repository\xalan\xalan\2.7.2\xalan-2.7.2.jar;C:\Users\Arnav Lakkavajjala\.m2\repository\xalan\serializer\2.7.2\serializer-2.7.2.jar;C:\Users\Arnav Lakkavajjala\.m2\repository\org\apache\commons\commons-lang3\3.12.0\commons-lang3-3.12.0.jar;C:\Users\Arnav Lakkavajjala\.m2\repository\org\apache\commons\commons-text\1.9\commons-text-1.9.jar;C:\Users\Arnav Lakkavajjala\.m2\repository\org\apache\httpcomponents\httpmime\4.5.13\httpmime-4.5.13.jar;C:\Users\Arnav Lakkavajjala\.m2\repository\org\apache\httpcomponents\httpclient\4.5.13\httpclient-4.5.13.jar;C:\Users\Arnav Lakkavajjala\.m2\repository\org\apache\httpcomponents\httpcore\4.4.13\httpcore-4.4.13.jar;C:\Users\Arnav Lakkavajjala\.m2\repository\commons-codec\commons-codec\1.11\commons-codec-1.11.jar;C:\Users\Arnav Lakkavajjala\.m2\repository\net\sourceforge\htmlunit\htmlunit-core-js\2.52.0\htmlunit-core-js-2.52.0.jar;C:\Users\Arnav Lakkavajjala\.m2\repository\net\sourceforge\htmlunit\neko-htmlunit\2.52.0\neko-htmlunit-2.52.0.jar;C:\Users\Arnav Lakkavajjala\.m2\repository\xerces\xercesImpl\2.12.0\xercesImpl-2.12.0.jar;C:\Users\Arnav Lakkavajjala\.m2\repository\xml-apis\xml-apis\1.4.01\xml-apis-1.4.01.jar;C:\Users\Arnav Lakkavajjala\.m2\repository\net\sourceforge\htmlunit\htmlunit-cssparser\1.9.0\htmlunit-cssparser-1.9.0.jar;C:\Users\Arnav Lakkavajjala\.m2\repository\commons-io\commons-io\2.10.0\commons-io-2.10.0.jar;C:\Users\Arnav Lakkavajjala\.m2\repository\commons-logging\commons-logging\1.2\commons-logging-1.2.jar;C:\Users\Arnav Lakkavajjala\.m2\repository\commons-net\commons-net\3.8.0\commons-net-3.8.0.jar;C:\Users\Arnav Lakkavajjala\.m2\repository\org\brotli\dec\0.1.2\dec-0.1.2.jar;C:\Users\Arnav Lakkavajjala\.m2\repository\com\shapesecurity\salvation2\3.0.0\salvation2-3.0.0.jar;C:\Users\Arnav Lakkavajjala\.m2\repository\org\eclipse\jetty\websocket\websocket-client\9.4.43.v20210629\websocket-client-9.4.43.v20210629.jar;C:\Users\Arnav Lakkavajjala\.m2\repository\org\eclipse\jetty\jetty-client\9.4.43.v20210629\jetty-client-9.4.43.v20210629.jar;C:\Users\Arnav Lakkavajjala\.m2\repository\org\eclipse\jetty\jetty-http\9.4.43.v20210629\jetty-http-9.4.43.v20210629.jar;C:\Users\Arnav Lakkavajjala\.m2\repository\org\eclipse\jetty\jetty-util\9.4.43.v20210629\jetty-util-9.4.43.v20210629.jar;C:\Users\Arnav Lakkavajjala\.m2\repository\org\eclipse\jetty\jetty-io\9.4.43.v20210629\jetty-io-9.4.43.v20210629.jar;C:\Users\Arnav Lakkavajjala\.m2\repository\org\eclipse\jetty\websocket\websocket-common\9.4.43.v20210629\websocket-common-9.4.43.v20210629.jar;C:\Users\Arnav Lakkavajjala\.m2\repository\org\eclipse\jetty\websocket\websocket-api\9.4.43.v20210629\websocket-api-9.4.43.v20210629.jar;C:\Users\Arnav Lakkavajjala\.m2\repository\javax\servlet\javax.servlet-api\4.0.1\javax.servlet-api-4.0.1.jar;C:\Users\Arnav Lakkavajjala\.m2\repository\javax\servlet\jsp\javax.servlet.jsp-api\2.3.3\javax.servlet.jsp-api-2.3.3.jar;C:\Users\Arnav Lakkavajjala\.m2\repository\jstl\jstl\1.2\jstl-1.2.jar;C:\Users\Arnav Lakkavajjala\.m2\repository\org\jsoup\jsoup\1.13.1\jsoup-1.13.1.jar;C:\Users\Arnav Lakkavajjala\.m2\repository\com\google\code\gson\gson\2.8.5\gson-2.8.5.jar;C:\Users\Arnav Lakkavajjala\.m2\repository\junit\junit\4.13.2\junit-4.13.2.jar;C:\Users\Arnav Lakkavajjala\.m2\repository\org\hamcrest\hamcrest-core\1.3\hamcrest-core-1.3.jar;C:\Users\Arnav Lakkavajjala\.m2\repository\org\mockito\mockito-all\2.0.2-beta\mockito-all-2.0.2-beta.jar;"/>
    <property name="java.vm.vendor" value="Oracle Corporation"/>
    <property name="sun.arch.data.model" value="64"/>
    <property name="user.variant" value=""/>
    <property name="java.vendor.url" value="http://java.oracle.com/"/>
    <property name="user.timezone" value="America/New_York"/>
    <property name="java.vm.specification.version" value="1.8"/>
    <property name="os.name" value="Windows 10"/>
    <property name="user.country" value="US"/>
    <property name="sun.java.launcher" value="SUN_STANDARD"/>
    <property name="sun.boot.library.path" value="C:\Program Files\Java\jdk1.8.0_221\jre\bin"/>
    <property name="sun.java.command" value="C:\Users\Arnav Lakkavajjala\AppData\Local\Temp\surefire3047225477031806381\surefirebooter1836290023211636109.jar C:\Users\Arnav Lakkavajjala\AppData\Local\Temp\surefire3047225477031806381 2021-08-19T09-21-56_609-jvmRun1 surefire8181904581032770350tmp surefire_07682426393682556503tmp"/>
    <property name="surefire.test.class.path" value="C:\Users\Arnav Lakkavajjala\Desktop\imagefinder\target\test-classes;C:\Users\Arnav Lakkavajjala\Desktop\imagefinder\target\imagefinder-0.1.0-SNAPSHOT\WEB-INF\classes;C:\Users\Arnav Lakkavajjala\.m2\repository\net\sourceforge\htmlunit\htmlunit\2.52.0\htmlunit-2.52.0.jar;C:\Users\Arnav Lakkavajjala\.m2\repository\xalan\xalan\2.7.2\xalan-2.7.2.jar;C:\Users\Arnav Lakkavajjala\.m2\repository\xalan\serializer\2.7.2\serializer-2.7.2.jar;C:\Users\Arnav Lakkavajjala\.m2\repository\org\apache\commons\commons-lang3\3.12.0\commons-lang3-3.12.0.jar;C:\Users\Arnav Lakkavajjala\.m2\repository\org\apache\commons\commons-text\1.9\commons-text-1.9.jar;C:\Users\Arnav Lakkavajjala\.m2\repository\org\apache\httpcomponents\httpmime\4.5.13\httpmime-4.5.13.jar;C:\Users\Arnav Lakkavajjala\.m2\repository\org\apache\httpcomponents\httpclient\4.5.13\httpclient-4.5.13.jar;C:\Users\Arnav Lakkavajjala\.m2\repository\org\apache\httpcomponents\httpcore\4.4.13\httpcore-4.4.13.jar;C:\Users\Arnav Lakkavajjala\.m2\repository\commons-codec\commons-codec\1.11\commons-codec-1.11.jar;C:\Users\Arnav Lakkavajjala\.m2\repository\net\sourceforge\htmlunit\htmlunit-core-js\2.52.0\htmlunit-core-js-2.52.0.jar;C:\Users\Arnav Lakkavajjala\.m2\repository\net\sourceforge\htmlunit\neko-htmlunit\2.52.0\neko-htmlunit-2.52.0.jar;C:\Users\Arnav Lakkavajjala\.m2\repository\xerces\xercesImpl\2.12.0\xercesImpl-2.12.0.jar;C:\Users\Arnav Lakkavajjala\.m2\repository\xml-apis\xml-apis\1.4.01\xml-apis-1.4.01.jar;C:\Users\Arnav Lakkavajjala\.m2\repository\net\sourceforge\htmlunit\htmlunit-cssparser\1.9.0\htmlunit-cssparser-1.9.0.jar;C:\Users\Arnav Lakkavajjala\.m2\repository\commons-io\commons-io\2.10.0\commons-io-2.10.0.jar;C:\Users\Arnav Lakkavajjala\.m2\repository\commons-logging\commons-logging\1.2\commons-logging-1.2.jar;C:\Users\Arnav Lakkavajjala\.m2\repository\commons-net\commons-net\3.8.0\commons-net-3.8.0.jar;C:\Users\Arnav Lakkavajjala\.m2\repository\org\brotli\dec\0.1.2\dec-0.1.2.jar;C:\Users\Arnav Lakkavajjala\.m2\repository\com\shapesecurity\salvation2\3.0.0\salvation2-3.0.0.jar;C:\Users\Arnav Lakkavajjala\.m2\repository\org\eclipse\jetty\websocket\websocket-client\9.4.43.v20210629\websocket-client-9.4.43.v20210629.jar;C:\Users\Arnav Lakkavajjala\.m2\repository\org\eclipse\jetty\jetty-client\9.4.43.v20210629\jetty-client-9.4.43.v20210629.jar;C:\Users\Arnav Lakkavajjala\.m2\repository\org\eclipse\jetty\jetty-http\9.4.43.v20210629\jetty-http-9.4.43.v20210629.jar;C:\Users\Arnav Lakkavajjala\.m2\repository\org\eclipse\jetty\jetty-util\9.4.43.v20210629\jetty-util-9.4.43.v20210629.jar;C:\Users\Arnav Lakkavajjala\.m2\repository\org\eclipse\jetty\jetty-io\9.4.43.v20210629\jetty-io-9.4.43.v20210629.jar;C:\Users\Arnav Lakkavajjala\.m2\repository\org\eclipse\jetty\websocket\websocket-common\9.4.43.v20210629\websocket-common-9.4.43.v20210629.jar;C:\Users\Arnav Lakkavajjala\.m2\repository\org\eclipse\jetty\websocket\websocket-api\9.4.43.v20210629\websocket-api-9.4.43.v20210629.jar;C:\Users\Arnav Lakkavajjala\.m2\repository\javax\servlet\javax.servlet-api\4.0.1\javax.servlet-api-4.0.1.jar;C:\Users\Arnav Lakkavajjala\.m2\repository\javax\servlet\jsp\javax.servlet.jsp-api\2.3.3\javax.servlet.jsp-api-2.3.3.jar;C:\Users\Arnav Lakkavajjala\.m2\repository\jstl\jstl\1.2\jstl-1.2.jar;C:\Users\Arnav Lakkavajjala\.m2\repository\org\jsoup\jsoup\1.13.1\jsoup-1.13.1.jar;C:\Users\Arnav Lakkavajjala\.m2\repository\com\google\code\gson\gson\2.8.5\gson-2.8.5.jar;C:\Users\Arnav Lakkavajjala\.m2\repository\junit\junit\4.13.2\junit-4.13.2.jar;C:\Users\Arnav Lakkavajjala\.m2\repository\org\hamcrest\hamcrest-core\1.3\hamcrest-core-1.3.jar;C:\Users\Arnav Lakkavajjala\.m2\repository\org\mockito\mockito-all\2.0.2-beta\mockito-all-2.0.2-beta.jar;"/>
    <property name="sun.cpu.endian" value="little"/>
    <property name="user.home" value="C:\Users\Arnav Lakkavajjala"/>
    <property name="user.language" value="en"/>
    <property name="java.specification.vendor" value="Oracle Corporation"/>
    <property name="java.home" value="C:\Program Files\Java\jdk1.8.0_221\jre"/>
    <property name="basedir" value="C:\Users\Arnav Lakkavajjala\Desktop\imagefinder"/>
    <property name="file.separator" value="\"/>
    <property name="line.separator" value="&#10;"/>
    <property name="java.vm.specification.vendor" value="Oracle Corporation"/>
    <property name="java.specification.name" value="Java Platform API Specification"/>
    <property name="java.awt.graphicsenv" value="sun.awt.Win32GraphicsEnvironment"/>
    <property name="surefire.real.class.path" value="C:\Users\Arnav Lakkavajjala\AppData\Local\Temp\surefire3047225477031806381\surefirebooter1836290023211636109.jar"/>
    <property name="sun.boot.class.path" value="C:\Program Files\Java\jdk1.8.0_221\jre\lib\resources.jar;C:\Program Files\Java\jdk1.8.0_221\jre\lib\rt.jar;C:\Program Files\Java\jdk1.8.0_221\jre\lib\sunrsasign.jar;C:\Program Files\Java\jdk1.8.0_221\jre\lib\jsse.jar;C:\Program Files\Java\jdk1.8.0_221\jre\lib\jce.jar;C:\Program Files\Java\jdk1.8.0_221\jre\lib\charsets.jar;C:\Program Files\Java\jdk1.8.0_221\jre\lib\jfr.jar;C:\Program Files\Java\jdk1.8.0_221\jre\classes"/>
    <property name="user.script" value=""/>
    <property name="sun.management.compiler" value="HotSpot 64-Bit Tiered Compilers"/>
    <property name="java.runtime.version" value="1.8.0_221-b11"/>
    <property name="user.name" value="Arnav Lakkavajjala"/>
    <property name="path.separator" value=";"/>
    <property name="os.version" value="10.0"/>
    <property name="java.endorsed.dirs" value="C:\Program Files\Java\jdk1.8.0_221\jre\lib\endorsed"/>
    <property name="java.runtime.name" value="Java(TM) SE Runtime Environment"/>
    <property name="file.encoding" value="Cp1252"/>
    <property name="java.vm.name" value="Java HotSpot(TM) 64-Bit Server VM"/>
    <property name="localRepository" value="C:\Users\Arnav Lakkavajjala\.m2\repository"/>
    <property name="java.vendor.url.bug" value="http://bugreport.sun.com/bugreport/"/>
    <property name="java.io.tmpdir" value="C:\Users\ARNAVL~1\AppData\Local\Temp\"/>
    <property name="java.version" value="1.8.0_221"/>
    <property name="user.dir" value="C:\Users\Arnav Lakkavajjala\Desktop\imagefinder"/>
    <property name="os.arch" value="amd64"/>
    <property name="java.vm.specification.name" value="Java Virtual Machine Specification"/>
    <property name="java.awt.printerjob" value="sun.awt.windows.WPrinterJob"/>
    <property name="sun.os.patch.level" value=""/>
    <property name="java.library.path" value="C:\Program Files\Java\jdk1.8.0_221\jre\bin;C:\WINDOWS\Sun\Java\bin;C:\WINDOWS\system32;C:\WINDOWS;C:\Program Files (x86)\Razer Chroma SDK\bin;C:\Program Files\Razer Chroma SDK\bin;C:\Program Files (x86)\Razer\ChromaBroadcast\bin;C:\Program Files\Razer\ChromaBroadcast\bin;C:\Windows\system32;C:\Windows;C:\Windows\System32\Wbem;C:\Windows\System32\WindowsPowerShell\v1.0\;C:\Windows\System32\OpenSSH\;C:\Program Files (x86)\Intel\Intel(R) Management Engine Components\DAL;C:\Program Files\Intel\Intel(R) Management Engine Components\DAL;C:\Users\Administrator\AppData\Local\Microsoft\WindowsApps;C:\Windows\system32\config\systemprofile\AppData\Local\Microsoft\WindowsApps;C:\Program Files\Java\jdk1.8.0_221\bin;C:\MinGW\bin;C:\Program Files\010 Editor;C:\Program Files\PuTTY\;C:\WINDOWS\system32;C:\WINDOWS;C:\WINDOWS\System32\Wbem;C:\WINDOWS\System32\WindowsPowerShell\v1.0\;C:\WINDOWS\System32\OpenSSH\;C:\Program Files\apache-maven-3.8.2\bin;C:\Users\Arnav Lakkavajjala\AppData\Local\Programs\Python\Python38\Scripts\;C:\Users\Arnav Lakkavajjala\AppData\Local\Programs\Python\Python38\;C:\Users\Arnav Lakkavajjala\AppData\Local\Programs\Microsoft VS Code\bin;C:\Program Files (x86)\Nmap;C:\Users\Arnav Lakkavajjala\AppData\Local\Microsoft\WindowsApps;C:\Program Files\JetBrains\PyCharm Community Edition 2021.2\bin;."/>
    <property name="java.vm.info" value="mixed mode"/>
    <property name="java.vendor" value="Oracle Corporation"/>
    <property name="java.vm.version" value="25.221-b11"/>
    <property name="java.ext.dirs" value="C:\Program Files\Java\jdk1.8.0_221\jre\lib\ext;C:\WINDOWS\Sun\Java\lib\ext"/>
    <property name="sun.io.unicode.encoding" value="UnicodeLittle"/>
    <property name="java.class.version" value="52.0"/>
  </properties>
  <testcase name="test" classname="com.eulerity.hackathon.imagefinder.ImageFinderTest" time="0.161"/>
</testsuite>